QuestaSim vlog 10.6c Compiler 2017.07 Jul 25 2017
Start time: 14:05:40 on Oct 01,2024
vlog -sv "+acc" "+cover" "+fcover" -l alu.log -f ../alu.f 
-- Compiling package globals
-- Compiling module ALU_DESIGN
-- Compiling package alu_interface_sv_unit
-- Importing package globals
-- Compiling interface intf
** Note: (vlog-2286) ../assertion.sv(24): Using implicit +incdir+/tools/mentor/questasim_10.6c/questasim/uvm-1.1d/../verilog_src/uvm-1.1d/src from import uvm_pkg
-- Compiling package assertion_sv_unit
-- Importing package globals
-- Compiling interface assertions
-- Importing package mtiUvm.uvm_pkg (uvm-1.1d Built-in)
-- Compiling package tb_pkg
** Warning: ../sequence.sv(19): (vlog-2240) Treating stand-alone use of function 'randomize' as an implicit VOID cast.
** Warning: ../sequence.sv(23): (vlog-2240) Treating stand-alone use of function 'randomize' as an implicit VOID cast.
** Warning: ../sequence.sv(56): (vlog-2240) Treating stand-alone use of function 'randomize' as an implicit VOID cast.
** Warning: ../sequence.sv(60): (vlog-2240) Treating stand-alone use of function 'randomize' as an implicit VOID cast.
** Warning: ../sequence.sv(92): (vlog-2240) Treating stand-alone use of function 'randomize' as an implicit VOID cast.
** Warning: ../sequence.sv(122): (vlog-2240) Treating stand-alone use of function 'randomize' as an implicit VOID cast.
** Warning: ../sequence.sv(149): (vlog-2240) Treating stand-alone use of function 'randomize' as an implicit VOID cast.
** Warning: ../sequence.sv(180): (vlog-2240) Treating stand-alone use of function 'randomize' as an implicit VOID cast.
** Warning: ../sequence.sv(207): (vlog-2240) Treating stand-alone use of function 'randomize' as an implicit VOID cast.
** Warning: ../sequence.sv(215): (vlog-2240) Treating stand-alone use of function 'randomize' as an implicit VOID cast.
** Warning: ** while parsing file included at ../top.sv(1)
** at ../assertion.sv(4): (vlog-2275) 'assertions' already exists and will be overwritten.
-- Compiling package top_sv_unit
-- Importing package globals
-- Compiling interface assertions
-- Importing package mtiUvm.uvm_pkg (uvm-1.1d Built-in)
-- Compiling package tb_pkg
** Warning: ../sequence.sv(19): (vlog-2240) Treating stand-alone use of function 'randomize' as an implicit VOID cast.
** Warning: ../sequence.sv(23): (vlog-2240) Treating stand-alone use of function 'randomize' as an implicit VOID cast.
** Warning: ../sequence.sv(56): (vlog-2240) Treating stand-alone use of function 'randomize' as an implicit VOID cast.
** Warning: ../sequence.sv(60): (vlog-2240) Treating stand-alone use of function 'randomize' as an implicit VOID cast.
** Warning: ../sequence.sv(92): (vlog-2240) Treating stand-alone use of function 'randomize' as an implicit VOID cast.
** Warning: ../sequence.sv(122): (vlog-2240) Treating stand-alone use of function 'randomize' as an implicit VOID cast.
** Warning: ../sequence.sv(149): (vlog-2240) Treating stand-alone use of function 'randomize' as an implicit VOID cast.
** Warning: ../sequence.sv(180): (vlog-2240) Treating stand-alone use of function 'randomize' as an implicit VOID cast.
** Warning: ../sequence.sv(207): (vlog-2240) Treating stand-alone use of function 'randomize' as an implicit VOID cast.
** Warning: ../sequence.sv(215): (vlog-2240) Treating stand-alone use of function 'randomize' as an implicit VOID cast.
-- Compiling module top
-- Importing package tb_pkg

Top level modules:
	top
End time: 14:05:41 on Oct 01,2024, Elapsed time: 0:00:01
Errors: 0, Warnings: 21
