# vsim tb -l assert.log -c -do "add wave -r /*; run -all;exit" -wlf waveform.wlf 
# Start time: 22:52:22 on Sep 29,2024
# ** Note: (vsim-3813) Design is being optimized due to module recompilation...
# ** Warning: assertionTB.sv(29): (vopt-2241) Connection width does not match width of port 'opa'. The port definition is at: assertion.sv(6).
# ** Warning: assertionTB.sv(29): (vopt-2241) Connection width does not match width of port 'opb'. The port definition is at: assertion.sv(7).
# ** Warning: assertionTB.sv(29): (vopt-2241) Connection width does not match width of port 'cmd'. The port definition is at: assertion.sv(11).
# //  Questa Sim
# //  Version 10.6c linux Jul 25 2017
# //
# //  Copyright 1991-2017 Mentor Graphics Corporation
# //  All Rights Reserved.
# //
# //  QuestaSim and its associated documentation contain trade
# //  secrets and commercial or financial information that are the property of
# //  Mentor Graphics Corporation and are privileged, confidential,
# //  and exempt from disclosure under the Freedom of Information Act,
# //  5 U.S.C. Section 552. Furthermore, this information
# //  is prohibited from disclosure under the Trade Secrets Act,
# //  18 U.S.C. Section 1905.
# //
# Loading sv_std.std
# Loading work.globals(fast)
# Loading mtiUvm.uvm_pkg
# Loading work.assertionTB_sv_unit(fast)
# Loading work.tb(fast)
# Loading mtiUvm.questa_uvm_pkg(fast)
# Loading /tools/mentor/questasim_10.6c/questasim/uvm-1.1d/linux/uvm_dpi.so
# add wave -r /*
#  run -all
# ----------------------------------------------------------------
# UVM-1.1d
# (C) 2007-2013 Mentor Graphics Corporation
# (C) 2007-2013 Cadence Design Systems, Inc.
# (C) 2006-2013 Synopsys, Inc.
# (C) 2011-2013 Cypress Semiconductor Corp.
# ----------------------------------------------------------------
# 
#   ***********       IMPORTANT RELEASE NOTES         ************
# 
#   You are using a version of the UVM library that has been compiled
#   with `UVM_NO_DEPRECATED undefined.
#   See http://www.eda.org/svdb/view.php?id=3313 for more details.
# 
#   You are using a version of the UVM library that has been compiled
#   with `UVM_OBJECT_MUST_HAVE_CONSTRUCTOR undefined.
#   See http://www.eda.org/svdb/view.php?id=3770 for more details.
# 
#       (Specify +UVM_NO_RELNOTES to turn off this notice)
# 
# UVM_INFO verilog_src/questa_uvm_pkg-1.2/src/questa_uvm_pkg.sv(215) @ 0: reporter [Questa UVM] QUESTA_UVM-1.2.3
# UVM_INFO verilog_src/questa_uvm_pkg-1.2/src/questa_uvm_pkg.sv(217) @ 0: reporter [Questa UVM]  questa_uvm::init(+struct)
# UVM_INFO assertion.sv(27) @ 0: reporter [ALU_Assertions] time=0 ALU Assertions run started 
# UVM_INFO assertionTB.sv(59) @ 0: reporter [] assertion_Task started
# UVM_INFO assertionTB.sv(74) @ 25: reporter [] assertion_Task ended
# ** Note: $finish    : assertionTB.sv(51)
#    Time: 1 us  Iteration: 0  Instance: /tb
# End time: 22:52:28 on Sep 29,2024, Elapsed time: 0:00:06
# Errors: 0, Warnings: 3
